2018/08/02 16:58:24 [trace] [plugin.LimeSurvey internal database] Found no config file
2018/08/14 11:43:30 [trace] [plugin.LimeSurvey internal database] Found no config file
2018/08/20 16:34:49 [trace] [plugin.LimeSurvey internal database] Found no config file
2018/08/20 16:52:34 [trace] [plugin.LimeSurvey internal database] Found no config file
2018/08/20 16:57:33 [trace] [plugin.LimeSurvey internal database] Found no config file
2018/08/30 16:47:55 [trace] [plugin.LimeSurvey internal database] Found no config file
2018/09/05 15:19:58 [trace] [plugin.LimeSurvey internal database] Found no config file
2018/09/05 19:45:37 [trace] [plugin.LimeSurvey internal database] Found no config file
2018/09/06 13:43:00 [trace] [plugin.LimeSurvey internal database] Found no config file
2018/09/06 13:47:00 [trace] [plugin.LimeSurvey internal database] Found no config file
2018/09/06 13:58:11 [trace] [plugin.LimeSurvey internal database] Found no config file
2018/09/06 14:59:27 [trace] [plugin.LimeSurvey internal database] Found no config file
2018/09/06 15:18:47 [trace] [plugin.LimeSurvey internal database] Found no config file
2018/09/06 17:03:30 [trace] [plugin.LimeSurvey internal database] Found no config file
2018/09/06 17:05:08 [trace] [plugin.LimeSurvey internal database] Found no config file
2018/09/06 17:05:40 [trace] [plugin.LimeSurvey internal database] Found no config file
2018/09/06 17:12:42 [trace] [plugin.LimeSurvey internal database] Found no config file
2018/09/06 17:17:25 [trace] [plugin.LimeSurvey internal database] Found no config file
2018/09/06 17:27:19 [trace] [plugin.LimeSurvey internal database] Found no config file
2018/09/17 15:21:06 [trace] [plugin.LimeSurvey internal database] Found no config file
2018/09/17 17:04:23 [trace] [plugin.LimeSurvey internal database] Found no config file
2018/09/18 13:25:46 [trace] [plugin.LimeSurvey internal database] Found no config file
2018/09/18 13:25:46 [trace] [plugin.LDAP] Found no config file
2018/09/18 13:25:46 [trace] [plugin.auditlog] Found no config file
2018/09/18 13:25:46 [trace] [plugin.extendStartpage] Found no config file
2018/09/18 13:25:46 [trace] [plugin.oldUrlCompat] Found no config file
2018/09/18 13:25:46 [trace] [plugin.Webserver] Found no config file
2018/09/18 13:25:46 [trace] [plugin.STATA Export] Found no config file
2018/09/18 13:25:46 [trace] [plugin.Export results to R] Found no config file
2018/09/18 16:35:45 [trace] [plugin.LimeSurvey internal database] Found no config file
2018/09/18 16:35:45 [trace] [plugin.LDAP] Found no config file
2018/09/18 16:35:45 [trace] [plugin.auditlog] Found no config file
2018/09/18 16:35:45 [trace] [plugin.extendStartpage] Found no config file
2018/09/18 16:35:45 [trace] [plugin.oldUrlCompat] Found no config file
2018/09/18 16:35:45 [trace] [plugin.Webserver] Found no config file
2018/09/18 16:35:45 [trace] [plugin.STATA Export] Found no config file
2018/09/18 16:35:45 [trace] [plugin.Export results to R] Found no config file
2018/09/18 16:35:45 [trace] [plugin.btqnps] Found no config file
2018/09/18 17:43:53 [trace] [plugin.LimeSurvey internal database] Found no config file
2018/09/18 17:43:53 [trace] [plugin.LDAP] Found no config file
2018/09/18 17:43:53 [trace] [plugin.auditlog] Found no config file
2018/09/18 17:43:53 [trace] [plugin.extendStartpage] Found no config file
2018/09/18 17:43:53 [trace] [plugin.oldUrlCompat] Found no config file
2018/09/18 17:43:53 [trace] [plugin.Webserver] Found no config file
2018/09/18 17:43:53 [trace] [plugin.STATA Export] Found no config file
2018/09/18 17:43:53 [trace] [plugin.Export results to R] Found no config file
2018/09/18 17:43:53 [trace] [plugin.btqnps] Found no config file
2018/09/19 12:19:19 [trace] [plugin.LimeSurvey internal database] Found no config file
2018/09/19 12:19:19 [trace] [plugin.LDAP] Found no config file
2018/09/19 12:19:19 [trace] [plugin.auditlog] Found no config file
2018/09/19 12:19:19 [trace] [plugin.extendStartpage] Found no config file
2018/09/19 12:19:19 [trace] [plugin.oldUrlCompat] Found no config file
2018/09/19 12:19:19 [trace] [plugin.Webserver] Found no config file
2018/09/19 12:19:19 [trace] [plugin.STATA Export] Found no config file
2018/09/19 12:19:19 [trace] [plugin.Export results to R] Found no config file
2018/09/19 12:19:19 [trace] [plugin.btqnps] Found no config file
2018/09/19 18:38:51 [trace] [plugin.LimeSurvey internal database] Found no config file
2018/09/19 18:38:51 [trace] [plugin.LDAP] Found no config file
2018/09/19 18:38:51 [trace] [plugin.btq_nps] Found no config file
2018/09/19 18:38:51 [trace] [plugin.auditlog] Found no config file
2018/09/19 18:38:51 [trace] [plugin.extendStartpage] Found no config file
2018/09/19 18:38:51 [trace] [plugin.oldUrlCompat] Found no config file
2018/09/19 18:38:51 [trace] [plugin.Webserver] Found no config file
2018/09/19 18:38:51 [trace] [plugin.STATA Export] Found no config file
2018/09/19 18:38:51 [trace] [plugin.Export results to R] Found no config file
2018/09/20 11:20:34 [trace] [plugin.LimeSurvey internal database] Found no config file
2018/09/20 11:20:34 [trace] [plugin.LDAP] Found no config file
2018/09/20 11:20:34 [trace] [plugin.btq_nps] Found no config file
2018/09/20 11:20:34 [trace] [plugin.auditlog] Found no config file
2018/09/20 11:20:34 [trace] [plugin.extendStartpage] Found no config file
2018/09/20 11:20:34 [trace] [plugin.oldUrlCompat] Found no config file
2018/09/20 11:20:34 [trace] [plugin.Webserver] Found no config file
2018/09/20 11:20:34 [trace] [plugin.STATA Export] Found no config file
2018/09/20 11:20:34 [trace] [plugin.Export results to R] Found no config file
2018/09/24 13:12:23 [trace] [plugin.LimeSurvey internal database] Found no config file
2018/09/24 13:12:23 [trace] [plugin.LDAP] Found no config file
2018/09/24 13:12:23 [trace] [plugin.btq_nps] Found no config file
2018/09/24 13:12:23 [trace] [plugin.auditlog] Found no config file
2018/09/24 13:12:23 [trace] [plugin.extendStartpage] Found no config file
2018/09/24 13:12:23 [trace] [plugin.oldUrlCompat] Found no config file
2018/09/24 13:12:23 [trace] [plugin.Webserver] Found no config file
2018/09/24 13:12:23 [trace] [plugin.STATA Export] Found no config file
2018/09/24 13:12:23 [trace] [plugin.Export results to R] Found no config file
2018/09/24 13:59:47 [trace] [plugin.LimeSurvey internal database] Found no config file
2018/09/24 13:59:47 [trace] [plugin.LDAP] Found no config file
2018/09/24 13:59:47 [trace] [plugin.btq_nps] Found no config file
2018/09/24 13:59:47 [trace] [plugin.auditlog] Found no config file
2018/09/24 13:59:47 [trace] [plugin.extendStartpage] Found no config file
2018/09/24 13:59:47 [trace] [plugin.oldUrlCompat] Found no config file
2018/09/24 13:59:47 [trace] [plugin.Webserver] Found no config file
2018/09/24 13:59:47 [trace] [plugin.STATA Export] Found no config file
2018/09/24 13:59:47 [trace] [plugin.Export results to R] Found no config file
2018/09/24 16:32:59 [trace] [plugin.LimeSurvey internal database] Found no config file
2018/09/24 16:32:59 [trace] [plugin.LDAP] Found no config file
2018/09/24 16:32:59 [trace] [plugin.btq_nps] Found no config file
2018/09/24 16:32:59 [trace] [plugin.auditlog] Found no config file
2018/09/24 16:32:59 [trace] [plugin.extendStartpage] Found no config file
2018/09/24 16:32:59 [trace] [plugin.oldUrlCompat] Found no config file
2018/09/24 16:32:59 [trace] [plugin.Webserver] Found no config file
2018/09/24 16:32:59 [trace] [plugin.STATA Export] Found no config file
2018/09/24 16:32:59 [trace] [plugin.Export results to R] Found no config file
2018/09/24 16:49:02 [trace] [plugin.LimeSurvey internal database] Found no config file
2018/09/24 16:49:02 [trace] [plugin.LDAP] Found no config file
2018/09/24 16:49:02 [trace] [plugin.btq_nps] Found no config file
2018/09/24 16:49:02 [trace] [plugin.auditlog] Found no config file
2018/09/24 16:49:02 [trace] [plugin.extendStartpage] Found no config file
2018/09/24 16:49:02 [trace] [plugin.oldUrlCompat] Found no config file
2018/09/24 16:49:02 [trace] [plugin.Webserver] Found no config file
2018/09/24 16:49:02 [trace] [plugin.STATA Export] Found no config file
2018/09/24 16:49:02 [trace] [plugin.Export results to R] Found no config file
2018/09/24 19:08:26 [trace] [plugin.LimeSurvey internal database] Found no config file
2018/09/24 19:08:26 [trace] [plugin.LDAP] Found no config file
2018/09/24 19:08:26 [trace] [plugin.btq_nps] Found no config file
2018/09/24 19:08:26 [trace] [plugin.auditlog] Found no config file
2018/09/24 19:08:26 [trace] [plugin.extendStartpage] Found no config file
2018/09/24 19:08:26 [trace] [plugin.oldUrlCompat] Found no config file
2018/09/24 19:08:26 [trace] [plugin.Webserver] Found no config file
2018/09/24 19:08:26 [trace] [plugin.STATA Export] Found no config file
2018/09/24 19:08:26 [trace] [plugin.Export results to R] Found no config file
2018/09/24 21:38:33 [trace] [plugin.LimeSurvey internal database] Found no config file
2018/09/24 21:38:33 [trace] [plugin.LDAP] Found no config file
2018/09/24 21:38:33 [trace] [plugin.btq_nps] Found no config file
2018/09/24 21:38:33 [trace] [plugin.auditlog] Found no config file
2018/09/24 21:38:33 [trace] [plugin.extendStartpage] Found no config file
2018/09/24 21:38:33 [trace] [plugin.oldUrlCompat] Found no config file
2018/09/24 21:38:33 [trace] [plugin.Webserver] Found no config file
2018/09/24 21:38:33 [trace] [plugin.STATA Export] Found no config file
2018/09/24 21:38:33 [trace] [plugin.Export results to R] Found no config file
2018/09/25 08:03:08 [trace] [plugin.LimeSurvey internal database] Found no config file
2018/09/25 08:03:08 [trace] [plugin.LDAP] Found no config file
2018/09/25 08:03:08 [trace] [plugin.btq_nps] Found no config file
2018/09/25 08:03:08 [trace] [plugin.auditlog] Found no config file
2018/09/25 08:03:08 [trace] [plugin.extendStartpage] Found no config file
2018/09/25 08:03:08 [trace] [plugin.oldUrlCompat] Found no config file
2018/09/25 08:03:08 [trace] [plugin.Webserver] Found no config file
2018/09/25 08:03:08 [trace] [plugin.STATA Export] Found no config file
2018/09/25 08:03:08 [trace] [plugin.Export results to R] Found no config file
2018/09/25 10:34:38 [trace] [plugin.LimeSurvey internal database] Found no config file
2018/09/25 10:34:38 [trace] [plugin.LDAP] Found no config file
2018/09/25 10:34:38 [trace] [plugin.btq_nps] Found no config file
2018/09/25 10:34:38 [trace] [plugin.auditlog] Found no config file
2018/09/25 10:34:38 [trace] [plugin.extendStartpage] Found no config file
2018/09/25 10:34:38 [trace] [plugin.oldUrlCompat] Found no config file
2018/09/25 10:34:38 [trace] [plugin.Webserver] Found no config file
2018/09/25 10:34:38 [trace] [plugin.STATA Export] Found no config file
2018/09/25 10:34:38 [trace] [plugin.Export results to R] Found no config file
2018/09/25 11:52:23 [trace] [plugin.LimeSurvey internal database] Found no config file
2018/09/25 11:52:23 [trace] [plugin.LDAP] Found no config file
2018/09/25 11:52:23 [trace] [plugin.btq_nps] Found no config file
2018/09/25 11:52:23 [trace] [plugin.auditlog] Found no config file
2018/09/25 11:52:23 [trace] [plugin.extendStartpage] Found no config file
2018/09/25 11:52:23 [trace] [plugin.oldUrlCompat] Found no config file
2018/09/25 11:52:23 [trace] [plugin.Webserver] Found no config file
2018/09/25 11:52:23 [trace] [plugin.STATA Export] Found no config file
2018/09/25 11:52:23 [trace] [plugin.Export results to R] Found no config file
2018/09/25 11:59:13 [trace] [plugin.LimeSurvey internal database] Found no config file
2018/09/25 11:59:13 [trace] [plugin.LDAP] Found no config file
2018/09/25 11:59:13 [trace] [plugin.btq_nps] Found no config file
2018/09/25 11:59:13 [trace] [plugin.auditlog] Found no config file
2018/09/25 11:59:13 [trace] [plugin.extendStartpage] Found no config file
2018/09/25 11:59:13 [trace] [plugin.oldUrlCompat] Found no config file
2018/09/25 11:59:13 [trace] [plugin.Webserver] Found no config file
2018/09/25 11:59:13 [trace] [plugin.STATA Export] Found no config file
2018/09/25 11:59:13 [trace] [plugin.Export results to R] Found no config file
2018/09/25 13:00:32 [trace] [plugin.LimeSurvey internal database] Found no config file
2018/09/25 13:00:32 [trace] [plugin.LDAP] Found no config file
2018/09/25 13:00:32 [trace] [plugin.btq_nps] Found no config file
2018/09/25 13:00:32 [trace] [plugin.auditlog] Found no config file
2018/09/25 13:00:32 [trace] [plugin.extendStartpage] Found no config file
2018/09/25 13:00:32 [trace] [plugin.oldUrlCompat] Found no config file
2018/09/25 13:00:32 [trace] [plugin.Webserver] Found no config file
2018/09/25 13:00:32 [trace] [plugin.STATA Export] Found no config file
2018/09/25 13:00:32 [trace] [plugin.Export results to R] Found no config file
2018/09/25 17:50:48 [trace] [plugin.LimeSurvey internal database] Found no config file
2018/09/25 17:50:48 [trace] [plugin.LDAP] Found no config file
2018/09/25 17:50:48 [trace] [plugin.btq_nps] Found no config file
2018/09/25 17:50:48 [trace] [plugin.auditlog] Found no config file
2018/09/25 17:50:48 [trace] [plugin.extendStartpage] Found no config file
2018/09/25 17:50:48 [trace] [plugin.oldUrlCompat] Found no config file
2018/09/25 17:50:48 [trace] [plugin.Webserver] Found no config file
2018/09/25 17:50:48 [trace] [plugin.STATA Export] Found no config file
2018/09/25 17:50:48 [trace] [plugin.Export results to R] Found no config file
2018/09/26 12:19:49 [trace] [plugin.LimeSurvey internal database] Found no config file
2018/09/26 12:19:49 [trace] [plugin.LDAP] Found no config file
2018/09/26 12:19:49 [trace] [plugin.btq_nps] Found no config file
2018/09/26 12:19:49 [trace] [plugin.auditlog] Found no config file
2018/09/26 12:19:49 [trace] [plugin.extendStartpage] Found no config file
2018/09/26 12:19:49 [trace] [plugin.oldUrlCompat] Found no config file
2018/09/26 12:19:49 [trace] [plugin.Webserver] Found no config file
2018/09/26 12:19:49 [trace] [plugin.STATA Export] Found no config file
2018/09/26 12:19:49 [trace] [plugin.Export results to R] Found no config file
2018/09/26 12:26:19 [trace] [plugin.LimeSurvey internal database] Found no config file
2018/09/26 12:26:19 [trace] [plugin.LDAP] Found no config file
2018/09/26 12:26:19 [trace] [plugin.btq_nps] Found no config file
2018/09/26 12:26:19 [trace] [plugin.auditlog] Found no config file
2018/09/26 12:26:19 [trace] [plugin.extendStartpage] Found no config file
2018/09/26 12:26:19 [trace] [plugin.oldUrlCompat] Found no config file
2018/09/26 12:26:19 [trace] [plugin.Webserver] Found no config file
2018/09/26 12:26:19 [trace] [plugin.STATA Export] Found no config file
2018/09/26 12:26:19 [trace] [plugin.Export results to R] Found no config file
2018/09/26 14:53:10 [trace] [plugin.LimeSurvey internal database] Found no config file
2018/09/26 14:53:10 [trace] [plugin.LDAP] Found no config file
2018/09/26 14:53:10 [trace] [plugin.btq_nps] Found no config file
2018/09/26 14:53:10 [trace] [plugin.auditlog] Found no config file
2018/09/26 14:53:10 [trace] [plugin.extendStartpage] Found no config file
2018/09/26 14:53:10 [trace] [plugin.oldUrlCompat] Found no config file
2018/09/26 14:53:10 [trace] [plugin.Webserver] Found no config file
2018/09/26 14:53:10 [trace] [plugin.STATA Export] Found no config file
2018/09/26 14:53:10 [trace] [plugin.Export results to R] Found no config file
2018/09/26 17:49:54 [trace] [plugin.LimeSurvey internal database] Found no config file
2018/09/26 17:49:54 [trace] [plugin.LDAP] Found no config file
2018/09/26 17:49:54 [trace] [plugin.btq_nps] Found no config file
2018/09/26 17:49:54 [trace] [plugin.auditlog] Found no config file
2018/09/26 17:49:54 [trace] [plugin.extendStartpage] Found no config file
2018/09/26 17:49:54 [trace] [plugin.oldUrlCompat] Found no config file
2018/09/26 17:49:54 [trace] [plugin.Webserver] Found no config file
2018/09/26 17:49:54 [trace] [plugin.STATA Export] Found no config file
2018/09/26 17:49:54 [trace] [plugin.Export results to R] Found no config file
2018/09/27 12:14:09 [trace] [plugin.LimeSurvey internal database] Found no config file
2018/09/27 12:14:09 [trace] [plugin.LDAP] Found no config file
2018/09/27 12:14:09 [trace] [plugin.btq_nps] Found no config file
2018/09/27 12:14:09 [trace] [plugin.auditlog] Found no config file
2018/09/27 12:14:09 [trace] [plugin.extendStartpage] Found no config file
2018/09/27 12:14:09 [trace] [plugin.oldUrlCompat] Found no config file
2018/09/27 12:14:09 [trace] [plugin.Webserver] Found no config file
2018/09/27 12:14:09 [trace] [plugin.STATA Export] Found no config file
2018/09/27 12:14:09 [trace] [plugin.Export results to R] Found no config file
2018/09/27 15:38:48 [trace] [plugin.LimeSurvey internal database] Found no config file
2018/09/27 15:38:48 [trace] [plugin.LDAP] Found no config file
2018/09/27 15:38:48 [trace] [plugin.btq_nps] Found no config file
2018/09/27 15:38:48 [trace] [plugin.auditlog] Found no config file
2018/09/27 15:38:48 [trace] [plugin.extendStartpage] Found no config file
2018/09/27 15:38:48 [trace] [plugin.oldUrlCompat] Found no config file
2018/09/27 15:38:48 [trace] [plugin.Webserver] Found no config file
2018/09/27 15:38:48 [trace] [plugin.STATA Export] Found no config file
2018/09/27 15:38:48 [trace] [plugin.Export results to R] Found no config file
2018/09/28 15:56:30 [trace] [plugin.LimeSurvey internal database] Found no config file
2018/09/28 15:56:30 [trace] [plugin.LDAP] Found no config file
2018/09/28 15:56:30 [trace] [plugin.btq_nps] Found no config file
2018/09/28 15:56:30 [trace] [plugin.auditlog] Found no config file
2018/09/28 15:56:30 [trace] [plugin.extendStartpage] Found no config file
2018/09/28 15:56:30 [trace] [plugin.oldUrlCompat] Found no config file
2018/09/28 15:56:30 [trace] [plugin.Webserver] Found no config file
2018/09/28 15:56:30 [trace] [plugin.STATA Export] Found no config file
2018/09/28 15:56:30 [trace] [plugin.Export results to R] Found no config file
2018/10/05 16:47:24 [trace] [plugin.LimeSurvey internal database] Found no config file
2018/10/05 16:47:24 [trace] [plugin.LDAP] Found no config file
2018/10/05 16:47:24 [trace] [plugin.btq_nps] Found no config file
2018/10/05 16:47:24 [trace] [plugin.auditlog] Found no config file
2018/10/05 16:47:24 [trace] [plugin.extendStartpage] Found no config file
2018/10/05 16:47:24 [trace] [plugin.oldUrlCompat] Found no config file
2018/10/05 16:47:24 [trace] [plugin.Webserver] Found no config file
2018/10/05 16:47:24 [trace] [plugin.STATA Export] Found no config file
2018/10/05 16:47:24 [trace] [plugin.Export results to R] Found no config file
2018/10/07 12:09:47 [trace] [plugin.LimeSurvey internal database] Found no config file
2018/10/07 12:09:47 [trace] [plugin.LDAP] Found no config file
2018/10/07 12:09:47 [trace] [plugin.btq_nps] Found no config file
2018/10/07 12:09:47 [trace] [plugin.auditlog] Found no config file
2018/10/07 12:09:47 [trace] [plugin.extendStartpage] Found no config file
2018/10/07 12:09:47 [trace] [plugin.oldUrlCompat] Found no config file
2018/10/07 12:09:47 [trace] [plugin.Webserver] Found no config file
2018/10/07 12:09:47 [trace] [plugin.STATA Export] Found no config file
2018/10/07 12:09:47 [trace] [plugin.Export results to R] Found no config file
2018/10/07 12:10:00 [trace] [plugin.LimeSurvey internal database] Found no config file
2018/10/07 12:10:00 [trace] [plugin.LDAP] Found no config file
2018/10/07 12:10:00 [trace] [plugin.btq_nps] Found no config file
2018/10/07 12:10:00 [trace] [plugin.auditlog] Found no config file
2018/10/07 12:10:00 [trace] [plugin.extendStartpage] Found no config file
2018/10/07 12:10:00 [trace] [plugin.oldUrlCompat] Found no config file
2018/10/07 12:10:00 [trace] [plugin.Webserver] Found no config file
2018/10/07 12:10:00 [trace] [plugin.STATA Export] Found no config file
2018/10/07 12:10:00 [trace] [plugin.Export results to R] Found no config file
2018/10/07 18:16:42 [trace] [plugin.LimeSurvey internal database] Found no config file
2018/10/07 18:16:42 [trace] [plugin.LDAP] Found no config file
2018/10/07 18:16:42 [trace] [plugin.btq_nps] Found no config file
2018/10/07 18:16:42 [trace] [plugin.auditlog] Found no config file
2018/10/07 18:16:42 [trace] [plugin.extendStartpage] Found no config file
2018/10/07 18:16:42 [trace] [plugin.oldUrlCompat] Found no config file
2018/10/07 18:16:42 [trace] [plugin.Webserver] Found no config file
2018/10/07 18:16:42 [trace] [plugin.STATA Export] Found no config file
2018/10/07 18:16:42 [trace] [plugin.Export results to R] Found no config file
2018/10/07 22:09:29 [trace] [plugin.LimeSurvey internal database] Found no config file
2018/10/07 22:09:29 [trace] [plugin.LDAP] Found no config file
2018/10/07 22:09:29 [trace] [plugin.btq_nps] Found no config file
2018/10/07 22:09:29 [trace] [plugin.auditlog] Found no config file
2018/10/07 22:09:29 [trace] [plugin.extendStartpage] Found no config file
2018/10/07 22:09:29 [trace] [plugin.oldUrlCompat] Found no config file
2018/10/07 22:09:29 [trace] [plugin.Webserver] Found no config file
2018/10/07 22:09:29 [trace] [plugin.STATA Export] Found no config file
2018/10/07 22:09:29 [trace] [plugin.Export results to R] Found no config file
2018/10/08 12:20:12 [trace] [plugin.LimeSurvey internal database] Found no config file
2018/10/08 12:20:12 [trace] [plugin.LDAP] Found no config file
2018/10/08 12:20:12 [trace] [plugin.btq_nps] Found no config file
2018/10/08 12:20:12 [trace] [plugin.auditlog] Found no config file
2018/10/08 12:20:12 [trace] [plugin.extendStartpage] Found no config file
2018/10/08 12:20:12 [trace] [plugin.oldUrlCompat] Found no config file
2018/10/08 12:20:12 [trace] [plugin.Webserver] Found no config file
2018/10/08 12:20:12 [trace] [plugin.STATA Export] Found no config file
2018/10/08 12:20:12 [trace] [plugin.Export results to R] Found no config file
2018/10/08 13:35:58 [trace] [plugin.LimeSurvey internal database] Found no config file
2018/10/08 13:35:58 [trace] [plugin.LDAP] Found no config file
2018/10/08 13:35:58 [trace] [plugin.btq_nps] Found no config file
2018/10/08 13:35:58 [trace] [plugin.auditlog] Found no config file
2018/10/08 13:35:58 [trace] [plugin.extendStartpage] Found no config file
2018/10/08 13:35:58 [trace] [plugin.oldUrlCompat] Found no config file
2018/10/08 13:35:58 [trace] [plugin.Webserver] Found no config file
2018/10/08 13:35:58 [trace] [plugin.STATA Export] Found no config file
2018/10/08 13:35:58 [trace] [plugin.Export results to R] Found no config file
2018/10/09 17:16:49 [trace] [plugin.LimeSurvey internal database] Found no config file
2018/10/09 17:16:49 [trace] [plugin.LDAP] Found no config file
2018/10/09 17:16:49 [trace] [plugin.btq_nps] Found no config file
2018/10/09 17:16:49 [trace] [plugin.auditlog] Found no config file
2018/10/09 17:16:49 [trace] [plugin.extendStartpage] Found no config file
2018/10/09 17:16:49 [trace] [plugin.oldUrlCompat] Found no config file
2018/10/09 17:16:49 [trace] [plugin.Webserver] Found no config file
2018/10/09 17:16:49 [trace] [plugin.STATA Export] Found no config file
2018/10/09 17:16:49 [trace] [plugin.Export results to R] Found no config file
2018/10/10 09:08:11 [trace] [plugin.LimeSurvey internal database] Found no config file
2018/10/10 09:08:11 [trace] [plugin.LDAP] Found no config file
2018/10/10 09:08:11 [trace] [plugin.btq_nps] Found no config file
2018/10/10 09:08:11 [trace] [plugin.auditlog] Found no config file
2018/10/10 09:08:11 [trace] [plugin.extendStartpage] Found no config file
2018/10/10 09:08:11 [trace] [plugin.oldUrlCompat] Found no config file
2018/10/10 09:08:11 [trace] [plugin.Webserver] Found no config file
2018/10/10 09:08:11 [trace] [plugin.STATA Export] Found no config file
2018/10/10 09:08:11 [trace] [plugin.Export results to R] Found no config file
